<?xml version="1.0" encoding="UTF-8"?>
<!-- Generated by org.testng.reporters.JUnitReportReporter -->
<testsuite hostname="ind040100947" failures="0" tests="1" name="Functions.camera" time="70.629" errors="0" timestamp="2023-08-24T17:44:20 IST" skipped="0">
  <testcase classname="Functions.camera" name="Camera1" time="70.629"/>
</testsuite> <!-- Functions.camera -->
